temp/BankApplication/build/luaandroid/dist/BankApplication/build/outputs/logs/manifest-merger-debug-report.txt
-- Merging decision tree log ---
manifest
ADDED from AndroidManifest.xml:2:1-46:12
INJECTED from AndroidManifest.xml:2:1-46:12
INJECTED from AndroidManifest.xml:2:1-46:12
INJECTED from AndroidManifest.xml:2:1-46:12
MERGED from [com.android.support:multidex:1.0.2] AndroidManifest.xml:17:1-22:12
MERGED from [com.android.support:recyclerview-v7:28.0.0] AndroidManifest.xml:17:1-22:12
MERGED from [com.android.support:appcompat-v7:28.0.0] AndroidManifest.xml:17:1-22:12
MERGED from [:cms:] AndroidManifest.xml:2:1-25:12
MERGED from [:syncv2library-release:] AndroidManifest.xml:2:1-27:12
MERGED from [com.android.support:support-fragment:28.0.0] AndroidManifest.xml:17:1-22:12
MERGED from [com.android.support:animated-vector-drawable:28.0.0] AndroidManifest.xml:17:1-22:12
MERGED from [com.android.support:support-core-ui:28.0.0] AndroidManifest.xml:17:1-22:12
MERGED from [com.android.support:support-core-utils:28.0.0] AndroidManifest.xml:17:1-22:12
MERGED from [com.android.support:support-vector-drawable:28.0.0] AndroidManifest.xml:17:1-22:12
MERGED from [com.android.support:viewpager:28.0.0] AndroidManifest.xml:17:1-22:12
MERGED from [com.android.support:coordinatorlayout:28.0.0] AndroidManifest.xml:17:1-22:12
MERGED from [com.android.support:drawerlayout:28.0.0] AndroidManifest.xml:17:1-22:12
MERGED from [com.android.support:slidingpanelayout:28.0.0] AndroidManifest.xml:17:1-22:12
MERGED from [com.android.support:customview:28.0.0] AndroidManifest.xml:17:1-22:12
MERGED from [com.android.support:swiperefreshlayout:28.0.0] AndroidManifest.xml:17:1-22:12
MERGED from [com.android.support:asynclayoutinflater:28.0.0] AndroidManifest.xml:17:1-22:12
MERGED from [com.android.support:loader:28.0.0] AndroidManifest.xml:17:1-22:12
MERGED from [com.android.support:support-compat:28.0.0] AndroidManifest.xml:17:1-24:12
MERGED from [com.android.support:versionedparcelable:28.0.0] AndroidManifest.xml:17:1-25:12
MERGED from [com.android.support:cursoradapter:28.0.0] AndroidManifest.xml:17:1-22:12
MERGED from [android.arch.lifecycle:runtime:1.1.1] AndroidManifest.xml:17:1-22:12
MERGED from [com.android.support:interpolator:28.0.0] AndroidManifest.xml:17:1-22:12
MERGED from [com.android.support:documentfile:28.0.0] AndroidManifest.xml:17:1-22:12
MERGED from [com.android.support:localbroadcastmanager:28.0.0] AndroidManifest.xml:17:1-22:12
MERGED from [com.android.support:print:28.0.0] AndroidManifest.xml:17:1-22:12
MERGED from [android.arch.lifecycle:viewmodel:1.1.1] AndroidManifest.xml:17:1-22:12
MERGED from [android.arch.lifecycle:livedata:1.1.1] AndroidManifest.xml:17:1-22:12
MERGED from [android.arch.lifecycle:livedata-core:1.1.1] AndroidManifest.xml:17:1-22:12
MERGED from [android.arch.core:runtime:1.1.1] AndroidManifest.xml:17:1-22:12
INJECTED from AndroidManifest.xml:2:1-46:12
INJECTED from AndroidManifest.xml:2:1-46:12
INJECTED from AndroidManifest.xml:2:1-46:12
	package
		ADDED from AndroidManifest.xml:4:4-41
		INJECTED from AndroidManifest.xml
		INJECTED from AndroidManifest.xml
	android:versionName
		ADDED from AndroidManifest.xml:5:7-34
		INJECTED from AndroidManifest.xml
		INJECTED from AndroidManifest.xml
	xmlns:tools
		ADDED from AndroidManifest.xml:3:7-53
	xmlns:android
		ADDED from AndroidManifest.xml:2:11-69
	android:versionCode
		ADDED from AndroidManifest.xml:5:35-58
		INJECTED from AndroidManifest.xml
		INJECTED from AndroidManifest.xml
application
ADDED from AndroidManifest.xml:6:5-33:16
MERGED from [:cms:] AndroidManifest.xml:13:5-23:19
MERGED from [:cms:] AndroidManifest.xml:13:5-23:19
MERGED from [:syncv2library-release:] AndroidManifest.xml:15:5-25:19
MERGED from [:syncv2library-release:] AndroidManifest.xml:15:5-25:19
MERGED from [com.android.support:support-compat:28.0.0] AndroidManifest.xml:22:5-94
MERGED from [com.android.support:support-compat:28.0.0] AndroidManifest.xml:22:5-94
MERGED from [com.android.support:versionedparcelable:28.0.0] AndroidManifest.xml:22:5-23:19
MERGED from [com.android.support:versionedparcelable:28.0.0] AndroidManifest.xml:22:5-23:19
	android:appComponentFactory
		ADDED from [com.android.support:support-compat:28.0.0] AndroidManifest.xml:22:18-91
	android:label
		ADDED from AndroidManifest.xml:6:118-150
	android:icon
		ADDED from AndroidManifest.xml:6:151-196
	tools:remove
		ADDED from AndroidManifest.xml:6:18-44
	tools:replace
		ADDED from AndroidManifest.xml:6:45-65
	android:name
		ADDED from AndroidManifest.xml:6:66-117
activity#com.orgname.BankApplication.BankApplication
ADDED from AndroidManifest.xml:7:9-18:12
	android:screenOrientation
		ADDED from AndroidManifest.xml:7:249-283
	android:label
		ADDED from AndroidManifest.xml:7:102-134
	android:launchMode
		ADDED from AndroidManifest.xml:7:135-166
	android:windowSoftInputMode
		ADDED from AndroidManifest.xml:7:284-326
	android:configChanges
		ADDED from AndroidManifest.xml:7:167-248
	android:theme
		ADDED from AndroidManifest.xml:7:19-69
	android:name
		ADDED from AndroidManifest.xml:7:70-101
intent-filter#action:name:android.intent.action.MAIN+category:name:android.intent.category.LAUNCHER
ADDED from AndroidManifest.xml:8:13-11:29
action#android.intent.action.MAIN
ADDED from AndroidManifest.xml:9:17-69
	android:name
		ADDED from AndroidManifest.xml:9:25-66
category#android.intent.category.LAUNCHER
ADDED from AndroidManifest.xml:10:17-77
	android:name
		ADDED from AndroidManifest.xml:10:27-74
intent-filter#action:name:android.intent.action.SEARCH+category:name:android.intent.category.DEFAULT
ADDED from AndroidManifest.xml:14:14-181
action#android.intent.action.SEARCH
ADDED from AndroidManifest.xml:14:37-91
	android:name
		ADDED from AndroidManifest.xml:14:45-88
category#android.intent.category.DEFAULT
ADDED from AndroidManifest.xml:14:99-158
	android:name
		ADDED from AndroidManifest.xml:14:109-155
meta-data#android.app.searchable
ADDED from AndroidManifest.xml:15:14-114
	android:resource
		ADDED from AndroidManifest.xml:15:77-111
	android:name
		ADDED from AndroidManifest.xml:15:32-69
meta-data#android.app.default_searchable
ADDED from AndroidManifest.xml:24:3-98
	android:value
		ADDED from AndroidManifest.xml:24:70-95
	android:name
		ADDED from AndroidManifest.xml:24:14-59
provider#com.orgname.BankApplication.BankApplicationSearchSuggestionProvider
ADDED from AndroidManifest.xml:25:3-191
	android:authorities
		ADDED from AndroidManifest.xml:25:13-96
	android:name
		ADDED from AndroidManifest.xml:25:106-188
uses-library#org.apache.http.legacy
ADDED from AndroidManifest.xml:32:3-82
	android:required
		ADDED from AndroidManifest.xml:32:55-79
	android:name
		ADDED from AndroidManifest.xml:32:17-54
supports-screens
ADDED from AndroidManifest.xml:36:2-167
	android:largeScreens
		ADDED from AndroidManifest.xml:36:106-134
	android:smallScreens
		ADDED from AndroidManifest.xml:36:47-75
	android:normalScreens
		ADDED from AndroidManifest.xml:36:76-105
	android:xlargeScreens
		ADDED from AndroidManifest.xml:36:135-164
	android:anyDensity
		ADDED from AndroidManifest.xml:36:20-46
uses-permission#android.permission.READ_PHONE_STATE
ADDED from AndroidManifest.xml:37:3-72
MERGED from [:cms:] AndroidManifest.xml:11:5-75
MERGED from [:cms:] AndroidManifest.xml:11:5-75
	android:name
		ADDED from AndroidManifest.xml:37:20-70
uses-permission#android.permission.ACCESS_NETWORK_STATE
ADDED from AndroidManifest.xml:38:2-75
MERGED from [:syncv2library-release:] AndroidManifest.xml:13:5-79
MERGED from [:syncv2library-release:] AndroidManifest.xml:13:5-79
	android:name
		ADDED from AndroidManifest.xml:38:19-73
uses-permission#android.permission.INTERNET
ADDED from AndroidManifest.xml:39:2-63
MERGED from [:syncv2library-release:] AndroidManifest.xml:12:5-67
MERGED from [:syncv2library-release:] AndroidManifest.xml:12:5-67
	android:name
		ADDED from AndroidManifest.xml:39:19-61
uses-sdk
INJECTED from AndroidManifest.xml reason: use-sdk injection requested
INJECTED from AndroidManifest.xml
INJECTED from AndroidManifest.xml
MERGED from [com.android.support:multidex:1.0.2] AndroidManifest.xml:20:5-43
MERGED from [com.android.support:multidex:1.0.2] AndroidManifest.xml:20:5-43
MERGED from [com.android.support:recyclerview-v7:28.0.0] AndroidManifest.xml:20:5-44
MERGED from [com.android.support:recyclerview-v7:28.0.0] AndroidManifest.xml:20:5-44
MERGED from [com.android.support:appcompat-v7:28.0.0] AndroidManifest.xml:20:5-44
MERGED from [com.android.support:appcompat-v7:28.0.0] AndroidManifest.xml:20:5-44
MERGED from [:cms:] AndroidManifest.xml:7:5-9:41
MERGED from [:cms:] AndroidManifest.xml:7:5-9:41
MERGED from [:syncv2library-release:] AndroidManifest.xml:8:5-10:41
MERGED from [:syncv2library-release:] AndroidManifest.xml:8:5-10:41
MERGED from [com.android.support:support-fragment:28.0.0] AndroidManifest.xml:20:5-44
MERGED from [com.android.support:support-fragment:28.0.0] AndroidManifest.xml:20:5-44
MERGED from [com.android.support:animated-vector-drawable:28.0.0] AndroidManifest.xml:20:5-44
MERGED from [com.android.support:animated-vector-drawable:28.0.0] AndroidManifest.xml:20:5-44
MERGED from [com.android.support:support-core-ui:28.0.0] AndroidManifest.xml:20:5-44
MERGED from [com.android.support:support-core-ui:28.0.0] AndroidManifest.xml:20:5-44
MERGED from [com.android.support:support-core-utils:28.0.0] AndroidManifest.xml:20:5-44
MERGED from [com.android.support:support-core-utils:28.0.0] AndroidManifest.xml:20:5-44
MERGED from [com.android.support:support-vector-drawable:28.0.0] AndroidManifest.xml:20:5-44
MERGED from [com.android.support:support-vector-drawable:28.0.0] AndroidManifest.xml:20:5-44
MERGED from [com.android.support:viewpager:28.0.0] AndroidManifest.xml:20:5-44
MERGED from [com.android.support:viewpager:28.0.0] AndroidManifest.xml:20:5-44
MERGED from [com.android.support:coordinatorlayout:28.0.0] AndroidManifest.xml:20:5-44
MERGED from [com.android.support:coordinatorlayout:28.0.0] AndroidManifest.xml:20:5-44
MERGED from [com.android.support:drawerlayout:28.0.0] AndroidManifest.xml:20:5-44
MERGED from [com.android.support:drawerlayout:28.0.0] AndroidManifest.xml:20:5-44
MERGED from [com.android.support:slidingpanelayout:28.0.0] AndroidManifest.xml:20:5-44
MERGED from [com.android.support:slidingpanelayout:28.0.0] AndroidManifest.xml:20:5-44
MERGED from [com.android.support:customview:28.0.0] AndroidManifest.xml:20:5-44
MERGED from [com.android.support:customview:28.0.0] AndroidManifest.xml:20:5-44
MERGED from [com.android.support:swiperefreshlayout:28.0.0] AndroidManifest.xml:20:5-44
MERGED from [com.android.support:swiperefreshlayout:28.0.0] AndroidManifest.xml:20:5-44
MERGED from [com.android.support:asynclayoutinflater:28.0.0] AndroidManifest.xml:20:5-44
MERGED from [com.android.support:asynclayoutinflater:28.0.0] AndroidManifest.xml:20:5-44
MERGED from [com.android.support:loader:28.0.0] AndroidManifest.xml:20:5-44
MERGED from [com.android.support:loader:28.0.0] AndroidManifest.xml:20:5-44
MERGED from [com.android.support:support-compat:28.0.0] AndroidManifest.xml:20:5-44
MERGED from [com.android.support:support-compat:28.0.0] AndroidManifest.xml:20:5-44
MERGED from [com.android.support:versionedparcelable:28.0.0] AndroidManifest.xml:20:5-44
MERGED from [com.android.support:versionedparcelable:28.0.0] AndroidManifest.xml:20:5-44
MERGED from [com.android.support:cursoradapter:28.0.0] AndroidManifest.xml:20:5-44
MERGED from [com.android.support:cursoradapter:28.0.0] AndroidManifest.xml:20:5-44
MERGED from [android.arch.lifecycle:runtime:1.1.1] AndroidManifest.xml:20:5-44
MERGED from [android.arch.lifecycle:runtime:1.1.1] AndroidManifest.xml:20:5-44
MERGED from [com.android.support:interpolator:28.0.0] AndroidManifest.xml:20:5-44
MERGED from [com.android.support:interpolator:28.0.0] AndroidManifest.xml:20:5-44
MERGED from [com.android.support:documentfile:28.0.0] AndroidManifest.xml:20:5-44
MERGED from [com.android.support:documentfile:28.0.0] AndroidManifest.xml:20:5-44
MERGED from [com.android.support:localbroadcastmanager:28.0.0] AndroidManifest.xml:20:5-44
MERGED from [com.android.support:localbroadcastmanager:28.0.0] AndroidManifest.xml:20:5-44
MERGED from [com.android.support:print:28.0.0] AndroidManifest.xml:20:5-44
MERGED from [com.android.support:print:28.0.0] AndroidManifest.xml:20:5-44
MERGED from [android.arch.lifecycle:viewmodel:1.1.1] AndroidManifest.xml:20:5-44
MERGED from [android.arch.lifecycle:viewmodel:1.1.1] AndroidManifest.xml:20:5-44
MERGED from [android.arch.lifecycle:livedata:1.1.1] AndroidManifest.xml:20:5-44
MERGED from [android.arch.lifecycle:livedata:1.1.1] AndroidManifest.xml:20:5-44
MERGED from [android.arch.lifecycle:livedata-core:1.1.1] AndroidManifest.xml:20:5-44
MERGED from [android.arch.lifecycle:livedata-core:1.1.1] AndroidManifest.xml:20:5-44
MERGED from [android.arch.core:runtime:1.1.1] AndroidManifest.xml:20:5-44
MERGED from [android.arch.core:runtime:1.1.1] AndroidManifest.xml:20:5-44
INJECTED from AndroidManifest.xml
INJECTED from AndroidManifest.xml
	android:targetSdkVersion
		INJECTED from AndroidManifest.xml
		ADDED from AndroidManifest.xml
		INJECTED from AndroidManifest.xml
	android:minSdkVersion
		INJECTED from AndroidManifest.xml
		ADDED from AndroidManifest.xml
		INJECTED from AndroidManifest.xml
service#com.kony.sdkcommons.Network.NetworkCore.KNYHttpJobIntentService
ADDED from [:cms:] AndroidManifest.xml:14:9-18:19
MERGED from [:syncv2library-release:] AndroidManifest.xml:16:9-20:19
MERGED from [:syncv2library-release:] AndroidManifest.xml:16:9-20:19
	android:exported
		ADDED from [:cms:] AndroidManifest.xml:16:13-37
	android:permission
		ADDED from [:cms:] AndroidManifest.xml:17:13-69
	android:name
		ADDED from [:cms:] AndroidManifest.xml:15:13-91
service#com.kony.sdkcommons.Network.NetworkCore.KNYHttpService
ADDED from [:cms:] AndroidManifest.xml:19:9-22:19
MERGED from [:syncv2library-release:] AndroidManifest.xml:21:9-24:19
MERGED from [:syncv2library-release:] AndroidManifest.xml:21:9-24:19
	android:exported
		ADDED from [:cms:] AndroidManifest.xml:21:13-37
	android:name
		ADDED from [:cms:] AndroidManifest.xml:20:13-82